<?xml version="1.0" encoding="UTF-8"?>
<!-- Generated by org.testng.reporters.JUnitXMLReporter -->
<testsuite hostname="omnia-fixedsolutions" ignored="8" name="Command line test" tests="2" failures="0" timestamp="16 Jun 2019 00:33:29 GMT" time="0.017" errors="0">
  <testcase name="@BeforeSuite startDriver" time="0.097" classname="tests.TestBase">
    <failure type="java.lang.IllegalStateException" message="The driver executable does not exist: /usr/bin/chromedriver.exe">
      <![CDATA[java.lang.IllegalStateException: The driver executable does not exist: /usr/bin/chromedriver.exeat com.google.common.base.Preconditions.checkState(Preconditions.java:585)at org.openqa.selenium.remote.service.DriverService.checkExecutable(DriverService.java:146)at org.openqa.selenium.remote.service.DriverService.findExecutable(DriverService.java:141)at org.openqa.selenium.chrome.ChromeDriverService.access$000(ChromeDriverService.java:35)at org.openqa.selenium.chrome.ChromeDriverService$Builder.findDefaultExecutable(ChromeDriverService.java:159)at org.openqa.selenium.remote.service.DriverService$Builder.build(DriverService.java:355)at org.openqa.selenium.chrome.ChromeDriverService.createDefaultService(ChromeDriverService.java:94)at org.openqa.selenium.chrome.ChromeDriver.<init>(ChromeDriver.java:123)at tests.TestBase.startDriver(TestBase.java:26)... Removed 30 stack frames]]>
    </failure>
  </testcase> <!-- @BeforeSuite startDriver -->
  <testcase name="@AfterMethod screenshotOnFailure" time="0.0" classname="tests.TestBase">
    <skipped/>
  </testcase> <!-- @AfterMethod screenshotOnFailure -->
  <testcase name="@AfterMethod screenshotOnFailure" time="0.0" classname="tests.TestBase">
    <skipped/>
  </testcase> <!-- @AfterMethod screenshotOnFailure -->
  <testcase name="openContactUsPage" time="0.0" classname="tests.ContactUsTest">
    <skipped/>
  </testcase> <!-- openContactUsPage -->
  <testcase name="UserCanSearchForProduct" time="0.0" classname="tests.SearchProductTest">
    <skipped/>
  </testcase> <!-- UserCanSearchForProduct -->
  <testcase name="@BeforeSuite startDriver" time="0.0" classname="tests.TestBase">
    <ignored/>
  </testcase> <!-- @BeforeSuite startDriver -->
  <testcase name="@BeforeSuite startDriver" time="0.0" classname="tests.TestBase">
    <ignored/>
  </testcase> <!-- @BeforeSuite startDriver -->
  <testcase name="@BeforeSuite startDriver" time="0.0" classname="tests.TestBase">
    <ignored/>
  </testcase> <!-- @BeforeSuite startDriver -->
  <testcase name="@BeforeSuite startDriver" time="0.0" classname="tests.TestBase">
    <ignored/>
  </testcase> <!-- @BeforeSuite startDriver -->
  <testcase name="@AfterSuite stopDriver" time="0.0" classname="tests.TestBase">
    <ignored/>
  </testcase> <!-- @AfterSuite stopDriver -->
  <testcase name="@AfterSuite stopDriver" time="0.0" classname="tests.TestBase">
    <ignored/>
  </testcase> <!-- @AfterSuite stopDriver -->
  <testcase name="@AfterSuite stopDriver" time="0.0" classname="tests.TestBase">
    <ignored/>
  </testcase> <!-- @AfterSuite stopDriver -->
  <testcase name="@AfterSuite stopDriver" time="0.0" classname="tests.TestBase">
    <ignored/>
  </testcase> <!-- @AfterSuite stopDriver -->
</testsuite> <!-- Command line test -->
